.====================================================================.
                                                                      
 .d8888b.   .o8888b.   db  .d8888b.  d8888b. d88888b d8888b.  .d888b. 
.8P    Y8. d8P    Y8   88 .8P    Y8. 88  `8D 88'     88  `8D .8P , Y8.
88      88 8P      oooo88 88      88 88oooY' 88oooo  88oobY' 88  |  88
88      88 8b      ~~~~88 88      88 88~~~b. 88~~~~  88`8b   88  |/ 88
`8b    d8' Y8b    d8   88 `8b    d8' 88   8D 88.     88 `88. `8b | d8'
 `Y8888P'   `Y8888P'   YP  `Y8888P'  Y8888P' Y88888P 88   YD  `Y888P' 
                                                                      
`========================== INSTALLATION LOG ========================'

[2018/06/17 10:51:38] Host: Darwin MacBooks-MacBook-Air.local 17.6.0 Darwin Kernel Version 17.6.0: Tue May  8 15:22:16 PDT 2018; root:xnu-4570.61.1~1/RELEASE_X86_64 x86_64
[2018/06/17 10:51:38] PHP version: 7.1.14
[2018/06/17 10:51:38] Server software: Apache/2.4.33 (Unix) LibreSSL/2.2.7 PHP/7.1.14
[2018/06/17 10:51:38] Operating system: Darwin
[2018/06/17 10:51:38] Memory limit: 128M
[2018/06/17 10:51:38] Max execution time: 3600
.============================ POST REQUEST ==========================.
[2018/06/17 10:51:38] Postback payload: Array
(
    [code] => phpVersion
    [handler] => onCheckRequirement
)

[2018/06/17 10:51:38] System check: phpVersion
[2018/06/17 10:51:38] Requirement phpVersion +OK
[2018/06/17 10:51:38] Execute handler (onCheckRequirement): Array
(
    [result] => 1
)

.============================ POST REQUEST ==========================.
[2018/06/17 10:51:39] Postback payload: Array
(
    [code] => curlLibrary
    [handler] => onCheckRequirement
)

[2018/06/17 10:51:39] System check: curlLibrary
[2018/06/17 10:51:39] Requirement curlLibrary +OK
[2018/06/17 10:51:39] Execute handler (onCheckRequirement): Array
(
    [result] => 1
)

.============================ POST REQUEST ==========================.
[2018/06/17 10:51:39] Postback payload: Array
(
    [code] => liveConnection
    [handler] => onCheckRequirement
)

[2018/06/17 10:51:39] System check: liveConnection
[2018/06/17 10:51:40] Server request: ping
[2018/06/17 10:51:40] Request information: Array
(
    [url] => http://octobercms.com/api/ping
    [content_type] => application/json
    [http_code] => 200
    [header_size] => 361
    [request_size] => 183
    [filetime] => -1
    [ssl_verify_result] => 0
    [redirect_count] => 0
    [total_time] => 0.633558
    [namelookup_time] => 0.017525
    [connect_time] => 0.033297
    [pretransfer_time] => 0.03338
    [size_upload] => 52
    [size_download] => 12
    [speed_download] => 18
    [speed_upload] => 82
    [download_content_length] => 12
    [upload_content_length] => 52
    [starttransfer_time] => 0.633525
    [redirect_time] => 0
    [redirect_url] => 
    [primary_ip] => 104.24.112.12
    [certinfo] => Array
        (
        )

    [primary_port] => 80
    [local_ip] => 192.168.0.102
    [local_port] => 51127
)

[2018/06/17 10:51:40] Requirement liveConnection +OK
[2018/06/17 10:51:40] Execute handler (onCheckRequirement): Array
(
    [result] => 1
)

.============================ POST REQUEST ==========================.
[2018/06/17 10:51:40] Postback payload: Array
(
    [code] => writePermission
    [handler] => onCheckRequirement
)

[2018/06/17 10:51:40] System check: writePermission
[2018/06/17 10:51:40] Requirement writePermission +OK
[2018/06/17 10:51:40] Execute handler (onCheckRequirement): Array
(
    [result] => 1
)

.============================ POST REQUEST ==========================.
[2018/06/17 10:51:41] Postback payload: Array
(
    [code] => pdoLibrary
    [handler] => onCheckRequirement
)

[2018/06/17 10:51:41] System check: pdoLibrary
[2018/06/17 10:51:41] Requirement pdoLibrary +OK
[2018/06/17 10:51:41] Execute handler (onCheckRequirement): Array
(
    [result] => 1
)

.============================ POST REQUEST ==========================.
[2018/06/17 10:51:41] Postback payload: Array
(
    [code] => mbstringLibrary
    [handler] => onCheckRequirement
)

[2018/06/17 10:51:41] System check: mbstringLibrary
[2018/06/17 10:51:41] Requirement mbstringLibrary +OK
[2018/06/17 10:51:41] Execute handler (onCheckRequirement): Array
(
    [result] => 1
)

.============================ POST REQUEST ==========================.
[2018/06/17 10:51:42] Postback payload: Array
(
    [code] => fileinfoLibrary
    [handler] => onCheckRequirement
)

[2018/06/17 10:51:42] System check: fileinfoLibrary
[2018/06/17 10:51:42] Requirement fileinfoLibrary +OK
[2018/06/17 10:51:42] Execute handler (onCheckRequirement): Array
(
    [result] => 1
)

.============================ POST REQUEST ==========================.
[2018/06/17 10:51:43] Postback payload: Array
(
    [code] => sslLibrary
    [handler] => onCheckRequirement
)

[2018/06/17 10:51:43] System check: sslLibrary
[2018/06/17 10:51:43] Requirement sslLibrary +OK
[2018/06/17 10:51:43] Execute handler (onCheckRequirement): Array
(
    [result] => 1
)

.============================ POST REQUEST ==========================.
[2018/06/17 10:51:43] Postback payload: Array
(
    [code] => zipLibrary
    [handler] => onCheckRequirement
)

[2018/06/17 10:51:43] System check: zipLibrary
[2018/06/17 10:51:43] Requirement zipLibrary +OK
[2018/06/17 10:51:43] Execute handler (onCheckRequirement): Array
(
    [result] => 1
)

.============================ POST REQUEST ==========================.
[2018/06/17 10:51:44] Postback payload: Array
(
    [code] => gdLibrary
    [handler] => onCheckRequirement
)

[2018/06/17 10:51:44] System check: gdLibrary
[2018/06/17 10:51:44] Requirement gdLibrary +OK
[2018/06/17 10:51:44] Execute handler (onCheckRequirement): Array
(
    [result] => 1
)

.============================ POST REQUEST ==========================.
[2018/06/17 10:52:31] Postback payload: Array
(
    [db_type] => mysql
    [db_host] => localhost
    [db_port] => 
    [db_name] => l10a_cms
    [db_user] => root
    [db_pass] => *******
    [admin_first_name] => Zarko
    [admin_last_name] => Stanisic
    [admin_email] => *******@*****.com
    [admin_login] => admin
    [admin_password] => *******
    [admin_confirm_password] => *******
    [backend_uri] => /backend
    [encryption_code] => *******
    [file_mask] => 777
    [folder_mask] => 777
    [handler] => onValidateDatabase
)

[2018/06/17 10:52:31] Handler error (onValidateDatabase): Database "l10a_cms" is not empty. Please empty the database or specify another database.
[2018/06/17 10:52:31] Trace log:
#0 /Users/macbookair/www/laravel10apps/install_files/php/Installer.php(48): Installer->onValidateDatabase()
#1 /Users/macbookair/www/laravel10apps/install_files/php/boot.php(74): Installer->__construct()
#2 /Users/macbookair/www/laravel10apps/install.php(1): include('/Users/macbooka...')
#3 {main}
.============================ POST REQUEST ==========================.
[2018/06/17 10:52:55] Postback payload: Array
(
    [db_type] => mysql
    [db_host] => localhost
    [db_port] => 
    [db_name] => l10a_cms
    [db_user] => root
    [db_pass] => *******
    [admin_first_name] => Zarko
    [admin_last_name] => Stanisic
    [admin_email] => *******@*****.com
    [admin_login] => admin
    [admin_password] => *******
    [admin_confirm_password] => *******
    [backend_uri] => /backend
    [encryption_code] => *******
    [file_mask] => 777
    [folder_mask] => 777
    [handler] => onValidateDatabase
)

.============================ POST REQUEST ==========================.
[2018/06/17 10:52:55] Postback payload: Array
(
    [db_type] => mysql
    [db_host] => localhost
    [db_port] => 
    [db_name] => l10a_cms
    [db_user] => root
    [db_pass] => *******
    [admin_first_name] => Zarko
    [admin_last_name] => Stanisic
    [admin_email] => *******@*****.com
    [admin_login] => admin
    [admin_password] => *******
    [admin_confirm_password] => *******
    [backend_uri] => /backend
    [encryption_code] => *******
    [file_mask] => 777
    [folder_mask] => 777
    [handler] => onValidateAdminAccount
)

.============================ POST REQUEST ==========================.
[2018/06/17 10:52:55] Postback payload: Array
(
    [db_type] => mysql
    [db_host] => localhost
    [db_port] => 
    [db_name] => l10a_cms
    [db_user] => root
    [db_pass] => *******
    [admin_first_name] => Zarko
    [admin_last_name] => Stanisic
    [admin_email] => *******@*****.com
    [admin_login] => admin
    [admin_password] => *******
    [admin_confirm_password] => *******
    [backend_uri] => /backend
    [encryption_code] => *******
    [file_mask] => 777
    [folder_mask] => 777
    [handler] => onValidateAdvancedConfig
)

.============================ POST REQUEST ==========================.
[2018/06/17 10:55:07] Postback payload: Array
(
    [handler] => onGetPopularThemes
)

[2018/06/17 10:55:08] Server request: theme/popular
[2018/06/17 10:55:08] Request information: Array
(
    [url] => http://octobercms.com/api/theme/popular
    [content_type] => application/json
    [http_code] => 200
    [header_size] => 363
    [request_size] => 192
    [filetime] => -1
    [ssl_verify_result] => 0
    [redirect_count] => 0
    [total_time] => 0.618955
    [namelookup_time] => 0.134371
    [connect_time] => 0.166193
    [pretransfer_time] => 0.166275
    [size_upload] => 52
    [size_download] => 3925
    [speed_download] => 6341
    [speed_upload] => 84
    [download_content_length] => 3925
    [upload_content_length] => 52
    [starttransfer_time] => 0.618883
    [redirect_time] => 0
    [redirect_url] => 
    [primary_ip] => 104.24.113.12
    [certinfo] => Array
        (
        )

    [primary_port] => 80
    [local_ip] => 192.168.0.102
    [local_port] => 51131
)

[2018/06/17 10:55:08] Execute handler (onGetPopularThemes): Array
(
    [0] => Array
        (
            [name] => Clean Blog
            [description] => Clean blogger theme.
            [code] => Responsiv.Clean
            [updated_at] => 2017-04-03 19:39:38
            [image] => http://octobercms.com/storage/app/uploads/public/58e/304/7a4/thumb_6978_210_140_0_0_crop.png
            [author] => Responsiv Internet
            [hash] => 07e5b7066168a94349ac92018770c2e8
            [demo_url] => http://daftspunk.com/
            [product_url] => http://octobercms.com/theme/responsiv-clean
        )

    [1] => Array
        (
            [name] => New Age
            [description] => Landing page for mobile apps
            [code] => VojtaSvoboda.newage
            [updated_at] => 2016-10-20 17:20:43
            [image] => http://octobercms.com/storage/app/uploads/public/580/7eb/dc9/thumb_5770_210_140_0_0_crop.png
            [author] => Vojta Svoboda
            [hash] => 09d9e47e64a2ed47dc35146a792008c2
            [demo_url] => https://blackrockdigital.github.io/startbootstrap-new-age/
            [product_url] => http://octobercms.com/theme/vojtasvoboda-newage
        )

    [2] => Array
        (
            [name] => Stellar
            [description] => a clean, responsive one page and blog theme
            [code] => Zwiebl.zwiebl_stellar
            [updated_at] => 2016-09-27 16:56:35
            [image] => http://octobercms.com/storage/app/uploads/public/57e/bb4/fe9/thumb_5641_210_140_0_0_crop.png
            [author] => Alpen.Space
            [hash] => 19345446d87ad08e6937503019a43fd9
            [demo_url] => https://demo.zwiebl.xyz/?theme=stellar
            [product_url] => http://octobercms.com/theme/zwiebl-zwiebl-stellar
        )

    [3] => Array
        (
            [name] => Blank Bootstrap 4
            [description] => A blank Bootstrap 4 template
            [code] => Hambern.hambern-blank-bootstrap-4
            [updated_at] => 2016-08-23 17:57:44
            [image] => http://octobercms.com/storage/app/uploads/public/57b/9ba/c48/thumb_5365_210_140_0_0_crop.png
            [author] => Mattias Hamberg
            [hash] => 9a6762de633774de2cebf69a88f290d1
            [demo_url] => 
            [product_url] => http://octobercms.com/theme/hambern-hambern-blank-bootstrap-4
        )

    [4] => Array
        (
            [name] => Bonjour
            [description] => A sample multi-lingual theme for translated content.
            [code] => RainLab.Bonjour
            [updated_at] => 2016-07-03 21:05:29
            [image] => http://octobercms.com/storage/app/uploads/public/577/9df/850/thumb_4911_210_140_0_0_crop.png
            [author] => RainLab
            [hash] => f1084f81e0e1c5c8d22317794292deb3
            [demo_url] => 
            [product_url] => http://octobercms.com/theme/rainlab-bonjour
        )

    [5] => Array
        (
            [name] => Viola
            [description] => One Page Theme based on Bootstrap 4 with different color schemes, scss files included
            [code] => JumpLink.Viola
            [updated_at] => 2016-07-11 09:55:39
            [image] => http://octobercms.com/storage/app/uploads/public/574/6af/435/thumb_4705_210_140_0_0_crop.png
            [author] => JumpLink
            [hash] => fe09a3915724fcc241e0e5914c8ea346
            [demo_url] => http://healthyteeth.jumplink.eu/
            [product_url] => http://octobercms.com/theme/jumplink-viola
        )

    [6] => Array
        (
            [name] => Relax
            [description] => A fictional site called House of Chairs that demonstrates how to build a client-friendly website.
            [code] => RainLab.Relax
            [updated_at] => 2015-07-01 19:16:08
            [image] => http://octobercms.com/storage/app/uploads/public/559/49e/2da/thumb_2585_210_140_0_0_crop.png
            [author] => RainLab
            [hash] => a35c64b09ad6347b8a226291e5b8fd75
            [demo_url] => 
            [product_url] => http://octobercms.com/theme/rainlab-relax
        )

    [7] => Array
        (
            [name] => Vanilla
            [description] => A plain starter template that implements account management, a blog and community forum.
            [code] => RainLab.Vanilla
            [updated_at] => 2015-04-14 16:37:36
            [image] => http://octobercms.com/storage/app/uploads/public/552/da4/0f8/thumb_2106_210_140_0_0_crop.png
            [author] => RainLab
            [hash] => 4b893d1c085a298e9b9b1d13635a675f
            [demo_url] => 
            [product_url] => http://octobercms.com/theme/rainlab-vanilla
        )

    [8] => Array
        (
            [name] => Flat UI
            [description] => A theme that uses a Flat user-interface and has no dependencies on others plugins.
            [code] => Responsiv.Flat
            [updated_at] => 2014-07-23 21:32:51
            [image] => http://octobercms.com/storage/app/uploads/public/53d/084/fbc/thumb_543_210_140_0_0_crop.png
            [author] => Responsiv Internet
            [hash] => 750c624b9caf218672764a1410160808
            [demo_url] => 
            [product_url] => http://octobercms.com/theme/responsiv-flat
        )

)

.============================ POST REQUEST ==========================.
[2018/06/17 10:55:25] Postback payload: Array
(
    [name] => Responsiv.Clean
    [handler] => onThemeDetails
)

[2018/06/17 10:55:25] Server request: theme/detail
[2018/06/17 10:55:25] Request information: Array
(
    [url] => http://octobercms.com/api/theme/detail
    [content_type] => application/json
    [http_code] => 200
    [header_size] => 362
    [request_size] => 212
    [filetime] => -1
    [ssl_verify_result] => 0
    [redirect_count] => 0
    [total_time] => 0.493666
    [namelookup_time] => 0.015606
    [connect_time] => 0.035582
    [pretransfer_time] => 0.035664
    [size_upload] => 73
    [size_download] => 669
    [speed_download] => 1355
    [speed_upload] => 147
    [download_content_length] => 669
    [upload_content_length] => 73
    [starttransfer_time] => 0.493632
    [redirect_time] => 0
    [redirect_url] => 
    [primary_ip] => 104.24.113.12
    [certinfo] => Array
        (
        )

    [primary_port] => 80
    [local_ip] => 192.168.0.102
    [local_port] => 51139
)

[2018/06/17 10:55:25] Execute handler (onThemeDetails): Array
(
    [name] => Clean Blog
    [description] => Clean blogger theme.
    [code] => Responsiv.Clean
    [updated_at] => 2017-04-03 19:39:38
    [image] => http://octobercms.com/storage/app/uploads/public/58e/304/7a4/thumb_6978_210_140_0_0_crop.png
    [author] => Responsiv Internet
    [hash] => 07e5b7066168a94349ac92018770c2e8
    [demo_url] => http://daftspunk.com/
    [product_url] => http://octobercms.com/theme/responsiv-clean
    [require] => Array
        (
            [0] => Array
                (
                    [name] => Blog
                    [description] => A robust blogging platform.
                    [code] => RainLab.Blog
                    [updated_at] => 2014-05-02 01:17:59
                    [image] => http://placehold.it/64x64
                    [author] => October
                    [hash] => 791f8428613d4d383481462d3d271477
                    [demo_url] => 
                    [product_url] => 
                )

        )

)

.============================ POST REQUEST ==========================.
[2018/06/17 10:55:25] Postback payload: Array
(
    [step] => getMetaData
    [meta] => 
    [plugins] => Array
        (
            [0] => Array
                (
                    [name] => Blog
                    [description] => A robust blogging platform.
                    [code] => RainLab.Blog
                    [updated_at] => 2014-05-02 01:17:59
                    [image] => http://placehold.it/64x64
                    [author] => October
                    [hash] => 791f8428613d4d383481462d3d271477
                    [demo_url] => 
                    [product_url] => 
                )

        )

    [themes] => Array
        (
            [0] => Array
                (
                    [name] => Clean Blog
                    [description] => Clean blogger theme.
                    [code] => Responsiv.Clean
                    [updated_at] => 2017-04-03 19:39:38
                    [image] => http://octobercms.com/storage/app/uploads/public/58e/304/7a4/thumb_6978_210_140_0_0_crop.png
                    [author] => Responsiv Internet
                    [hash] => 07e5b7066168a94349ac92018770c2e8
                    [demo_url] => http://daftspunk.com/
                    [product_url] => http://octobercms.com/theme/responsiv-clean
                    [require] => Array
                        (
                            [0] => Array
                                (
                                    [name] => Blog
                                    [description] => A robust blogging platform.
                                    [code] => RainLab.Blog
                                    [updated_at] => 2014-05-02 01:17:59
                                    [image] => http://placehold.it/64x64
                                    [author] => October
                                    [hash] => 791f8428613d4d383481462d3d271477
                                    [demo_url] => 
                                    [product_url] => 
                                )

                        )

                )

        )

    [handler] => onInstallStep
)

[2018/06/17 10:55:25] Install step: getMetaData
[2018/06/17 10:55:26] Server request: core/install
[2018/06/17 10:55:26] Request information: Array
(
    [url] => http://octobercms.com/api/core/install
    [content_type] => application/json
    [http_code] => 200
    [header_size] => 362
    [request_size] => 250
    [filetime] => -1
    [ssl_verify_result] => 0
    [redirect_count] => 0
    [total_time] => 0.584875
    [namelookup_time] => 2.1E-5
    [connect_time] => 0.032858
    [pretransfer_time] => 0.032999
    [size_upload] => 110
    [size_download] => 233
    [speed_download] => 398
    [speed_upload] => 188
    [download_content_length] => 233
    [upload_content_length] => 110
    [starttransfer_time] => 0.584822
    [redirect_time] => 0
    [redirect_url] => 
    [primary_ip] => 104.24.113.12
    [certinfo] => Array
        (
        )

    [primary_port] => 80
    [local_ip] => 192.168.0.102
    [local_port] => 51140
)

[2018/06/17 10:55:26] Step getMetaData +OK
[2018/06/17 10:55:26] Execute handler (onInstallStep): Array
(
    [result] => Array
        (
            [core] => Array
                (
                    [hash] => 88a5cc3f51814a9e98b558a937d42564
                    [build] => 436
                    [uhash] => a0b720c8fd902d65b9a28adc1c7fea7f
                )

            [plugins] => Array
                (
                    [RainLab.Blog] => 791f8428613d4d383481462d3d271477
                )

            [themes] => Array
                (
                    [Responsiv.Clean] => 07e5b7066168a94349ac92018770c2e8
                )

        )

)

.============================ POST REQUEST ==========================.
[2018/06/17 10:55:26] Postback payload: Array
(
    [step] => downloadCore
    [meta] => Array
        (
            [core] => Array
                (
                    [hash] => 88a5cc3f51814a9e98b558a937d42564
                    [build] => 436
                    [uhash] => a0b720c8fd902d65b9a28adc1c7fea7f
                )

            [plugins] => Array
                (
                    [RainLab.Blog] => 791f8428613d4d383481462d3d271477
                )

            [themes] => Array
                (
                    [Responsiv.Clean] => 07e5b7066168a94349ac92018770c2e8
                )

        )

    [handler] => onInstallStep
)

[2018/06/17 10:55:26] Install step: downloadCore
[2018/06/17 10:55:32] Saving to file (core): /Users/macbookair/www/laravel10apps/install_files/temp/a74ad8dfacd4f985eb3977517615ce25.arc
[2018/06/17 10:55:32] Step downloadCore +OK
[2018/06/17 10:55:32] Execute handler (onInstallStep): Array
(
    [result] => 
)

.============================ POST REQUEST ==========================.
[2018/06/17 10:55:32] Postback payload: Array
(
    [step] => downloadPlugin
    [meta] => Array
        (
            [core] => Array
                (
                    [hash] => 88a5cc3f51814a9e98b558a937d42564
                    [build] => 436
                    [uhash] => a0b720c8fd902d65b9a28adc1c7fea7f
                )

            [plugins] => Array
                (
                    [RainLab.Blog] => 791f8428613d4d383481462d3d271477
                )

            [themes] => Array
                (
                    [Responsiv.Clean] => 07e5b7066168a94349ac92018770c2e8
                )

        )

    [name] => RainLab.Blog
    [handler] => onInstallStep
)

[2018/06/17 10:55:32] Install step: downloadPlugin
[2018/06/17 10:55:33] Saving to file (RainLab.Blog-plugin): /Users/macbookair/www/laravel10apps/install_files/temp/33b538b0804bdcfce25684369ded882c.arc
[2018/06/17 10:55:33] Step downloadPlugin +OK
[2018/06/17 10:55:33] Execute handler (onInstallStep): Array
(
    [result] => 
)

.============================ POST REQUEST ==========================.
[2018/06/17 10:55:34] Postback payload: Array
(
    [step] => downloadTheme
    [meta] => Array
        (
            [core] => Array
                (
                    [hash] => 88a5cc3f51814a9e98b558a937d42564
                    [build] => 436
                    [uhash] => a0b720c8fd902d65b9a28adc1c7fea7f
                )

            [plugins] => Array
                (
                    [RainLab.Blog] => 791f8428613d4d383481462d3d271477
                )

            [themes] => Array
                (
                    [Responsiv.Clean] => 07e5b7066168a94349ac92018770c2e8
                )

        )

    [name] => Responsiv.Clean
    [handler] => onInstallStep
)

[2018/06/17 10:55:34] Install step: downloadTheme
[2018/06/17 10:55:35] Saving to file (Responsiv.Clean-theme): /Users/macbookair/www/laravel10apps/install_files/temp/50b424b156f0b335ba87925d2ea83f82.arc
[2018/06/17 10:55:35] Step downloadTheme +OK
[2018/06/17 10:55:35] Execute handler (onInstallStep): Array
(
    [result] => 
)

.============================ POST REQUEST ==========================.
[2018/06/17 10:55:35] Postback payload: Array
(
    [step] => extractCore
    [meta] => Array
        (
            [core] => Array
                (
                    [hash] => 88a5cc3f51814a9e98b558a937d42564
                    [build] => 436
                    [uhash] => a0b720c8fd902d65b9a28adc1c7fea7f
                )

            [plugins] => Array
                (
                    [RainLab.Blog] => 791f8428613d4d383481462d3d271477
                )

            [themes] => Array
                (
                    [Responsiv.Clean] => 07e5b7066168a94349ac92018770c2e8
                )

        )

    [handler] => onInstallStep
)

[2018/06/17 10:55:35] Install step: extractCore
[2018/06/17 10:55:35] Extracting file (core): a74ad8dfacd4f985eb3977517615ce25.arc
[2018/06/17 10:55:40] Step extractCore +OK
[2018/06/17 10:55:40] Execute handler (onInstallStep): Array
(
    [result] => 1
)

.============================ POST REQUEST ==========================.
[2018/06/17 10:55:40] Postback payload: Array
(
    [step] => extractPlugin
    [meta] => Array
        (
            [core] => Array
                (
                    [hash] => 88a5cc3f51814a9e98b558a937d42564
                    [build] => 436
                    [uhash] => a0b720c8fd902d65b9a28adc1c7fea7f
                )

            [plugins] => Array
                (
                    [RainLab.Blog] => 791f8428613d4d383481462d3d271477
                )

            [themes] => Array
                (
                    [Responsiv.Clean] => 07e5b7066168a94349ac92018770c2e8
                )

        )

    [name] => RainLab.Blog
    [handler] => onInstallStep
)

[2018/06/17 10:55:40] Install step: extractPlugin
[2018/06/17 10:55:40] Extracting file (RainLab.Blog-plugin): 33b538b0804bdcfce25684369ded882c.arc
[2018/06/17 10:55:40] Step extractPlugin +OK
[2018/06/17 10:55:40] Execute handler (onInstallStep): Array
(
    [result] => 1
)

.============================ POST REQUEST ==========================.
[2018/06/17 10:55:41] Postback payload: Array
(
    [step] => extractTheme
    [meta] => Array
        (
            [core] => Array
                (
                    [hash] => 88a5cc3f51814a9e98b558a937d42564
                    [build] => 436
                    [uhash] => a0b720c8fd902d65b9a28adc1c7fea7f
                )

            [plugins] => Array
                (
                    [RainLab.Blog] => 791f8428613d4d383481462d3d271477
                )

            [themes] => Array
                (
                    [Responsiv.Clean] => 07e5b7066168a94349ac92018770c2e8
                )

        )

    [name] => Responsiv.Clean
    [handler] => onInstallStep
)

[2018/06/17 10:55:41] Install step: extractTheme
[2018/06/17 10:55:41] Extracting file (Responsiv.Clean-theme): 50b424b156f0b335ba87925d2ea83f82.arc
[2018/06/17 10:55:41] Step extractTheme +OK
[2018/06/17 10:55:41] Execute handler (onInstallStep): Array
(
    [result] => 1
)

.============================ POST REQUEST ==========================.
[2018/06/17 10:55:41] Postback payload: Array
(
    [step] => setupConfig
    [meta] => Array
        (
            [core] => Array
                (
                    [hash] => 88a5cc3f51814a9e98b558a937d42564
                    [build] => 436
                    [uhash] => a0b720c8fd902d65b9a28adc1c7fea7f
                )

            [plugins] => Array
                (
                    [RainLab.Blog] => 791f8428613d4d383481462d3d271477
                )

            [themes] => Array
                (
                    [Responsiv.Clean] => 07e5b7066168a94349ac92018770c2e8
                )

        )

    [db_type] => mysql
    [db_host] => localhost
    [db_port] => 
    [db_name] => l10a_cms
    [db_user] => root
    [db_pass] => *******
    [admin_first_name] => Zarko
    [admin_last_name] => Stanisic
    [admin_email] => *******@*****.com
    [admin_login] => admin
    [admin_password] => *******
    [admin_confirm_password] => *******
    [backend_uri] => /backend
    [encryption_code] => *******
    [file_mask] => 777
    [folder_mask] => 777
    [active_theme] => Responsiv.Clean
    [handler] => onInstallStep
)

[2018/06/17 10:55:41] Install step: setupConfig
[2018/06/17 10:55:41] Step setupConfig +OK
[2018/06/17 10:55:41] Execute handler (onInstallStep): Array
(
    [result] => 
)

.============================ POST REQUEST ==========================.
[2018/06/17 10:55:42] Postback payload: Array
(
    [step] => createAdmin
    [meta] => Array
        (
            [core] => Array
                (
                    [hash] => 88a5cc3f51814a9e98b558a937d42564
                    [build] => 436
                    [uhash] => a0b720c8fd902d65b9a28adc1c7fea7f
                )

            [plugins] => Array
                (
                    [RainLab.Blog] => 791f8428613d4d383481462d3d271477
                )

            [themes] => Array
                (
                    [Responsiv.Clean] => 07e5b7066168a94349ac92018770c2e8
                )

        )

    [db_type] => mysql
    [db_host] => localhost
    [db_port] => 
    [db_name] => l10a_cms
    [db_user] => root
    [db_pass] => *******
    [admin_first_name] => Zarko
    [admin_last_name] => Stanisic
    [admin_email] => *******@*****.com
    [admin_login] => admin
    [admin_password] => *******
    [admin_confirm_password] => *******
    [backend_uri] => /backend
    [encryption_code] => *******
    [file_mask] => 777
    [folder_mask] => 777
    [active_theme] => Responsiv.Clean
    [handler] => onInstallStep
)

[2018/06/17 10:55:42] Install step: createAdmin
[2018/06/17 10:55:45] Step createAdmin +OK
[2018/06/17 10:55:45] Execute handler (onInstallStep): Array
(
    [result] => 
)

.============================ POST REQUEST ==========================.
[2018/06/17 10:55:46] Postback payload: Array
(
    [disableLog] => 1
)

[2018/06/17 10:55:46] Install step: setupProject
[2018/06/17 10:55:46] Step setupProject +OK
[2018/06/17 10:55:46] Execute handler (onInstallStep): Array
(
    [result] => 
)

.============================ POST REQUEST ==========================.
[2018/06/17 10:55:46] Postback payload: Array
(
    [step] => finishInstall
    [meta] => Array
        (
            [core] => Array
                (
                    [hash] => 88a5cc3f51814a9e98b558a937d42564
                    [build] => 436
                    [uhash] => a0b720c8fd902d65b9a28adc1c7fea7f
                )

            [plugins] => Array
                (
                    [RainLab.Blog] => 791f8428613d4d383481462d3d271477
                )

            [themes] => Array
                (
                    [Responsiv.Clean] => 07e5b7066168a94349ac92018770c2e8
                )

        )

    [hash] => 88a5cc3f51814a9e98b558a937d42564
    [build] => 436
    [uhash] => a0b720c8fd902d65b9a28adc1c7fea7f
    [handler] => onInstallStep
)

[2018/06/17 10:55:46] Install step: finishInstall
[2018/06/17 10:55:46] Cleaning up file: 50b424b156f0b335ba87925d2ea83f82.arc
[2018/06/17 10:55:46] Cleaning up file: a74ad8dfacd4f985eb3977517615ce25.arc
[2018/06/17 10:55:46] Cleaning up file: 33b538b0804bdcfce25684369ded882c.arc
[2018/06/17 10:55:46] Step finishInstall +OK
[2018/06/17 10:55:46] Execute handler (onInstallStep): Array
(
    [result] => 
)

