[2018-06-17 11:11:28] dev.ERROR: InvalidArgumentException: Illegal operator and value combination. in /Users/macbookair/www/laravel10apps/vendor/laravel/framework/src/Illuminate/Database/Query/Builder.php:591
Stack trace:
#0 /Users/macbookair/www/laravel10apps/vendor/laravel/framework/src/Illuminate/Database/Query/Builder.php(976): Illuminate\Database\Query\Builder->prepareValueAndOperator(NULL, '<', false)
#1 /Users/macbookair/www/laravel10apps/vendor/laravel/framework/src/Illuminate/Database/Eloquent/Builder.php(1288): Illuminate\Database\Query\Builder->whereDate('published_at', '<', NULL)
#2 /Users/macbookair/www/laravel10apps/vendor/october/rain/src/Database/Builder.php(178): Illuminate\Database\Eloquent\Builder->__call('whereDate', Array)
#3 /Users/macbookair/www/laravel10apps/plugins/rainlab/blog/models/Post.php(390): October\Rain\Database\Builder->__call('whereDate', Array)
#4 /Users/macbookair/www/laravel10apps/vendor/laravel/framework/src/Illuminate/Database/Eloquent/Builder.php(957): RainLab\Blog\Models\Post->scopeApplySibling(Object(October\Rain\Database\Builder))
#5 /Users/macbookair/www/laravel10apps/vendor/october/rain/src/Database/Builder.php(175): Illuminate\Database\Eloquent\Builder->callScope(Array, Array)
#6 /Users/macbookair/www/laravel10apps/plugins/rainlab/blog/models/Post.php(401): October\Rain\Database\Builder->__call('applySibling', Array)
#7 /Users/macbookair/www/laravel10apps/plugins/rainlab/blog/components/Post.php(110): RainLab\Blog\Models\Post->nextPost()
#8 /Users/macbookair/www/laravel10apps/plugins/rainlab/blog/components/Post.php(99): RainLab\Blog\Components\Post->getPostSibling(1)
#9 /Users/macbookair/www/laravel10apps/vendor/twig/twig/lib/Twig/Extension/Core.php(1605): RainLab\Blog\Components\Post->nextPost()
#10 /Users/macbookair/www/laravel10apps/storage/cms/twig/7b/7b8c6bcdb2a9e9d6311098e1daf13ffbfcdd0f5f12acf7edbd75bf0f69a6c840.php(25): twig_get_attribute(Object(Twig_Environment), Object(Twig_Source), Object(RainLab\Blog\Components\Post), 'nextPost', Array)
#11 /Users/macbookair/www/laravel10apps/vendor/twig/twig/lib/Twig/Template.php(390): __TwigTemplate_60fcb9373f4d962f7362131f05ed25e245eda79e17171e5b8c5085d6cdfaa2bd->doDisplay(Array, Array)
#12 /Users/macbookair/www/laravel10apps/vendor/twig/twig/lib/Twig/Template.php(367): Twig_Template->displayWithErrorHandling(Array, Array)
#13 /Users/macbookair/www/laravel10apps/vendor/twig/twig/lib/Twig/Template.php(375): Twig_Template->display(Array)
#14 /Users/macbookair/www/laravel10apps/modules/cms/Classes/Controller.php(365): Twig_Template->render(Array)
#15 /Users/macbookair/www/laravel10apps/modules/cms/Classes/Controller.php(211): Cms\Classes\Controller->runPage(Object(Cms\Classes\Page))
#16 /Users/macbookair/www/laravel10apps/modules/cms/Classes/CmsController.php(50): Cms\Classes\Controller->run('blog/post/test')
#17 [internal function]: Cms\Classes\CmsController->run('blog/post/test')
#18 /Users/macbookair/www/laravel10apps/vendor/laravel/framework/src/Illuminate/Routing/Controller.php(54): call_user_func_array(Array, Array)
#19 /Users/macbookair/www/laravel10apps/vendor/laravel/framework/src/Illuminate/Routing/ControllerDispatcher.php(45): Illuminate\Routing\Controller->callAction('run', Array)
#20 /Users/macbookair/www/laravel10apps/vendor/laravel/framework/src/Illuminate/Routing/Route.php(212): Illuminate\Routing\ControllerDispatcher->dispatch(Object(Illuminate\Routing\Route), Object(Cms\Classes\CmsController), 'run')
#21 /Users/macbookair/www/laravel10apps/vendor/laravel/framework/src/Illuminate/Routing/Route.php(169): Illuminate\Routing\Route->runController()
#22 /Users/macbookair/www/laravel10apps/vendor/laravel/framework/src/Illuminate/Routing/Router.php(658): Illuminate\Routing\Route->run()
#23 /Users/macbookair/www/laravel10apps/vendor/laravel/framework/src/Illuminate/Routing/Pipeline.php(30): Illuminate\Routing\Router->Illuminate\Routing\{closure}(Object(Illuminate\Http\Request))
#24 /Users/macbookair/www/laravel10apps/vendor/laravel/framework/src/Illuminate/Routing/Middleware/SubstituteBindings.php(41): Illuminate\Routing\Pipeline->Illuminate\Routing\{closure}(Object(Illuminate\Http\Request))
#25 /Users/macbookair/www/laravel10apps/vendor/laravel/framework/src/Illuminate/Pipeline/Pipeline.php(149): Illuminate\Routing\Middleware\SubstituteBindings->handle(Object(Illuminate\Http\Request), Object(Closure))
#26 /Users/macbookair/www/laravel10apps/vendor/laravel/framework/src/Illuminate/Routing/Pipeline.php(53): Illuminate\Pipeline\Pipeline->Illuminate\Pipeline\{closure}(Object(Illuminate\Http\Request))
#27 /Users/macbookair/www/laravel10apps/vendor/laravel/framework/src/Illuminate/View/Middleware/ShareErrorsFromSession.php(49): Illuminate\Routing\Pipeline->Illuminate\Routing\{closure}(Object(Illuminate\Http\Request))
#28 /Users/macbookair/www/laravel10apps/vendor/laravel/framework/src/Illuminate/Pipeline/Pipeline.php(149): Illuminate\View\Middleware\ShareErrorsFromSession->handle(Object(Illuminate\Http\Request), Object(Closure))
#29 /Users/macbookair/www/laravel10apps/vendor/laravel/framework/src/Illuminate/Routing/Pipeline.php(53): Illuminate\Pipeline\Pipeline->Illuminate\Pipeline\{closure}(Object(Illuminate\Http\Request))
#30 /Users/macbookair/www/laravel10apps/vendor/laravel/framework/src/Illuminate/Session/Middleware/StartSession.php(63): Illuminate\Routing\Pipeline->Illuminate\Routing\{closure}(Object(Illuminate\Http\Request))
#31 /Users/macbookair/www/laravel10apps/vendor/laravel/framework/src/Illuminate/Pipeline/Pipeline.php(149): Illuminate\Session\Middleware\StartSession->handle(Object(Illuminate\Http\Request), Object(Closure))
#32 /Users/macbookair/www/laravel10apps/vendor/laravel/framework/src/Illuminate/Routing/Pipeline.php(53): Illuminate\Pipeline\Pipeline->Illuminate\Pipeline\{closure}(Object(Illuminate\Http\Request))
#33 /Users/macbookair/www/laravel10apps/vendor/laravel/framework/src/Illuminate/Cookie/Middleware/AddQueuedCookiesToResponse.php(37): Illuminate\Routing\Pipeline->Illuminate\Routing\{closure}(Object(Illuminate\Http\Request))
#34 /Users/macbookair/www/laravel10apps/vendor/laravel/framework/src/Illuminate/Pipeline/Pipeline.php(149): Illuminate\Cookie\Middleware\AddQueuedCookiesToResponse->handle(Object(Illuminate\Http\Request), Object(Closure))
#35 /Users/macbookair/www/laravel10apps/vendor/laravel/framework/src/Illuminate/Routing/Pipeline.php(53): Illuminate\Pipeline\Pipeline->Illuminate\Pipeline\{closure}(Object(Illuminate\Http\Request))
#36 /Users/macbookair/www/laravel10apps/vendor/laravel/framework/src/Illuminate/Cookie/Middleware/EncryptCookies.php(59): Illuminate\Routing\Pipeline->Illuminate\Routing\{closure}(Object(Illuminate\Http\Request))
#37 /Users/macbookair/www/laravel10apps/vendor/laravel/framework/src/Illuminate/Pipeline/Pipeline.php(149): Illuminate\Cookie\Middleware\EncryptCookies->handle(Object(Illuminate\Http\Request), Object(Closure))
#38 /Users/macbookair/www/laravel10apps/vendor/laravel/framework/src/Illuminate/Routing/Pipeline.php(53): Illuminate\Pipeline\Pipeline->Illuminate\Pipeline\{closure}(Object(Illuminate\Http\Request))
#39 /Users/macbookair/www/laravel10apps/vendor/laravel/framework/src/Illuminate/Pipeline/Pipeline.php(102): Illuminate\Routing\Pipeline->Illuminate\Routing\{closure}(Object(Illuminate\Http\Request))
#40 /Users/macbookair/www/laravel10apps/vendor/laravel/framework/src/Illuminate/Routing/Router.php(660): Illuminate\Pipeline\Pipeline->then(Object(Closure))
#41 /Users/macbookair/www/laravel10apps/vendor/laravel/framework/src/Illuminate/Routing/Router.php(635): Illuminate\Routing\Router->runRouteWithinStack(Object(Illuminate\Routing\Route), Object(Illuminate\Http\Request))
#42 /Users/macbookair/www/laravel10apps/vendor/laravel/framework/src/Illuminate/Routing/Router.php(601): Illuminate\Routing\Router->runRoute(Object(Illuminate\Http\Request), Object(Illuminate\Routing\Route))
#43 /Users/macbookair/www/laravel10apps/vendor/october/rain/src/Router/CoreRouter.php(20): Illuminate\Routing\Router->dispatchToRoute(Object(Illuminate\Http\Request))
#44 /Users/macbookair/www/laravel10apps/vendor/laravel/framework/src/Illuminate/Foundation/Http/Kernel.php(176): October\Rain\Router\CoreRouter->dispatch(Object(Illuminate\Http\Request))
#45 /Users/macbookair/www/laravel10apps/vendor/laravel/framework/src/Illuminate/Routing/Pipeline.php(30): Illuminate\Foundation\Http\Kernel->Illuminate\Foundation\Http\{closure}(Object(Illuminate\Http\Request))
#46 /Users/macbookair/www/laravel10apps/vendor/laravel/framework/src/Illuminate/Foundation/Http/Middleware/CheckForMaintenanceMode.php(46): Illuminate\Routing\Pipeline->Illuminate\Routing\{closure}(Object(Illuminate\Http\Request))
#47 /Users/macbookair/www/laravel10apps/vendor/laravel/framework/src/Illuminate/Pipeline/Pipeline.php(149): Illuminate\Foundation\Http\Middleware\CheckForMaintenanceMode->handle(Object(Illuminate\Http\Request), Object(Closure))
#48 /Users/macbookair/www/laravel10apps/vendor/laravel/framework/src/Illuminate/Routing/Pipeline.php(53): Illuminate\Pipeline\Pipeline->Illuminate\Pipeline\{closure}(Object(Illuminate\Http\Request))
#49 /Users/macbookair/www/laravel10apps/vendor/laravel/framework/src/Illuminate/Pipeline/Pipeline.php(102): Illuminate\Routing\Pipeline->Illuminate\Routing\{closure}(Object(Illuminate\Http\Request))
#50 /Users/macbookair/www/laravel10apps/vendor/laravel/framework/src/Illuminate/Foundation/Http/Kernel.php(151): Illuminate\Pipeline\Pipeline->then(Object(Closure))
#51 /Users/macbookair/www/laravel10apps/vendor/laravel/framework/src/Illuminate/Foundation/Http/Kernel.php(116): Illuminate\Foundation\Http\Kernel->sendRequestThroughRouter(Object(Illuminate\Http\Request))
#52 /Users/macbookair/www/laravel10apps/index.php(43): Illuminate\Foundation\Http\Kernel->handle(Object(Illuminate\Http\Request))
#53 {main}

Next Twig_Error_Runtime: An exception has been thrown during the rendering of a template ("Illegal operator and value combination.") in "/Users/macbookair/www/laravel10apps/themes/responsiv-clean/pages/blog/post.htm" at line 2. in /Users/macbookair/www/laravel10apps/vendor/twig/twig/lib/Twig/Template.php:405
Stack trace:
#0 /Users/macbookair/www/laravel10apps/vendor/twig/twig/lib/Twig/Template.php(367): Twig_Template->displayWithErrorHandling(Array, Array)
#1 /Users/macbookair/www/laravel10apps/vendor/twig/twig/lib/Twig/Template.php(375): Twig_Template->display(Array)
#2 /Users/macbookair/www/laravel10apps/modules/cms/Classes/Controller.php(365): Twig_Template->render(Array)
#3 /Users/macbookair/www/laravel10apps/modules/cms/Classes/Controller.php(211): Cms\Classes\Controller->runPage(Object(Cms\Classes\Page))
#4 /Users/macbookair/www/laravel10apps/modules/cms/Classes/CmsController.php(50): Cms\Classes\Controller->run('blog/post/test')
#5 [internal function]: Cms\Classes\CmsController->run('blog/post/test')
#6 /Users/macbookair/www/laravel10apps/vendor/laravel/framework/src/Illuminate/Routing/Controller.php(54): call_user_func_array(Array, Array)
#7 /Users/macbookair/www/laravel10apps/vendor/laravel/framework/src/Illuminate/Routing/ControllerDispatcher.php(45): Illuminate\Routing\Controller->callAction('run', Array)
#8 /Users/macbookair/www/laravel10apps/vendor/laravel/framework/src/Illuminate/Routing/Route.php(212): Illuminate\Routing\ControllerDispatcher->dispatch(Object(Illuminate\Routing\Route), Object(Cms\Classes\CmsController), 'run')
#9 /Users/macbookair/www/laravel10apps/vendor/laravel/framework/src/Illuminate/Routing/Route.php(169): Illuminate\Routing\Route->runController()
#10 /Users/macbookair/www/laravel10apps/vendor/laravel/framework/src/Illuminate/Routing/Router.php(658): Illuminate\Routing\Route->run()
#11 /Users/macbookair/www/laravel10apps/vendor/laravel/framework/src/Illuminate/Routing/Pipeline.php(30): Illuminate\Routing\Router->Illuminate\Routing\{closure}(Object(Illuminate\Http\Request))
#12 /Users/macbookair/www/laravel10apps/vendor/laravel/framework/src/Illuminate/Routing/Middleware/SubstituteBindings.php(41): Illuminate\Routing\Pipeline->Illuminate\Routing\{closure}(Object(Illuminate\Http\Request))
#13 /Users/macbookair/www/laravel10apps/vendor/laravel/framework/src/Illuminate/Pipeline/Pipeline.php(149): Illuminate\Routing\Middleware\SubstituteBindings->handle(Object(Illuminate\Http\Request), Object(Closure))
#14 /Users/macbookair/www/laravel10apps/vendor/laravel/framework/src/Illuminate/Routing/Pipeline.php(53): Illuminate\Pipeline\Pipeline->Illuminate\Pipeline\{closure}(Object(Illuminate\Http\Request))
#15 /Users/macbookair/www/laravel10apps/vendor/laravel/framework/src/Illuminate/View/Middleware/ShareErrorsFromSession.php(49): Illuminate\Routing\Pipeline->Illuminate\Routing\{closure}(Object(Illuminate\Http\Request))
#16 /Users/macbookair/www/laravel10apps/vendor/laravel/framework/src/Illuminate/Pipeline/Pipeline.php(149): Illuminate\View\Middleware\ShareErrorsFromSession->handle(Object(Illuminate\Http\Request), Object(Closure))
#17 /Users/macbookair/www/laravel10apps/vendor/laravel/framework/src/Illuminate/Routing/Pipeline.php(53): Illuminate\Pipeline\Pipeline->Illuminate\Pipeline\{closure}(Object(Illuminate\Http\Request))
#18 /Users/macbookair/www/laravel10apps/vendor/laravel/framework/src/Illuminate/Session/Middleware/StartSession.php(63): Illuminate\Routing\Pipeline->Illuminate\Routing\{closure}(Object(Illuminate\Http\Request))
#19 /Users/macbookair/www/laravel10apps/vendor/laravel/framework/src/Illuminate/Pipeline/Pipeline.php(149): Illuminate\Session\Middleware\StartSession->handle(Object(Illuminate\Http\Request), Object(Closure))
#20 /Users/macbookair/www/laravel10apps/vendor/laravel/framework/src/Illuminate/Routing/Pipeline.php(53): Illuminate\Pipeline\Pipeline->Illuminate\Pipeline\{closure}(Object(Illuminate\Http\Request))
#21 /Users/macbookair/www/laravel10apps/vendor/laravel/framework/src/Illuminate/Cookie/Middleware/AddQueuedCookiesToResponse.php(37): Illuminate\Routing\Pipeline->Illuminate\Routing\{closure}(Object(Illuminate\Http\Request))
#22 /Users/macbookair/www/laravel10apps/vendor/laravel/framework/src/Illuminate/Pipeline/Pipeline.php(149): Illuminate\Cookie\Middleware\AddQueuedCookiesToResponse->handle(Object(Illuminate\Http\Request), Object(Closure))
#23 /Users/macbookair/www/laravel10apps/vendor/laravel/framework/src/Illuminate/Routing/Pipeline.php(53): Illuminate\Pipeline\Pipeline->Illuminate\Pipeline\{closure}(Object(Illuminate\Http\Request))
#24 /Users/macbookair/www/laravel10apps/vendor/laravel/framework/src/Illuminate/Cookie/Middleware/EncryptCookies.php(59): Illuminate\Routing\Pipeline->Illuminate\Routing\{closure}(Object(Illuminate\Http\Request))
#25 /Users/macbookair/www/laravel10apps/vendor/laravel/framework/src/Illuminate/Pipeline/Pipeline.php(149): Illuminate\Cookie\Middleware\EncryptCookies->handle(Object(Illuminate\Http\Request), Object(Closure))
#26 /Users/macbookair/www/laravel10apps/vendor/laravel/framework/src/Illuminate/Routing/Pipeline.php(53): Illuminate\Pipeline\Pipeline->Illuminate\Pipeline\{closure}(Object(Illuminate\Http\Request))
#27 /Users/macbookair/www/laravel10apps/vendor/laravel/framework/src/Illuminate/Pipeline/Pipeline.php(102): Illuminate\Routing\Pipeline->Illuminate\Routing\{closure}(Object(Illuminate\Http\Request))
#28 /Users/macbookair/www/laravel10apps/vendor/laravel/framework/src/Illuminate/Routing/Router.php(660): Illuminate\Pipeline\Pipeline->then(Object(Closure))
#29 /Users/macbookair/www/laravel10apps/vendor/laravel/framework/src/Illuminate/Routing/Router.php(635): Illuminate\Routing\Router->runRouteWithinStack(Object(Illuminate\Routing\Route), Object(Illuminate\Http\Request))
#30 /Users/macbookair/www/laravel10apps/vendor/laravel/framework/src/Illuminate/Routing/Router.php(601): Illuminate\Routing\Router->runRoute(Object(Illuminate\Http\Request), Object(Illuminate\Routing\Route))
#31 /Users/macbookair/www/laravel10apps/vendor/october/rain/src/Router/CoreRouter.php(20): Illuminate\Routing\Router->dispatchToRoute(Object(Illuminate\Http\Request))
#32 /Users/macbookair/www/laravel10apps/vendor/laravel/framework/src/Illuminate/Foundation/Http/Kernel.php(176): October\Rain\Router\CoreRouter->dispatch(Object(Illuminate\Http\Request))
#33 /Users/macbookair/www/laravel10apps/vendor/laravel/framework/src/Illuminate/Routing/Pipeline.php(30): Illuminate\Foundation\Http\Kernel->Illuminate\Foundation\Http\{closure}(Object(Illuminate\Http\Request))
#34 /Users/macbookair/www/laravel10apps/vendor/laravel/framework/src/Illuminate/Foundation/Http/Middleware/CheckForMaintenanceMode.php(46): Illuminate\Routing\Pipeline->Illuminate\Routing\{closure}(Object(Illuminate\Http\Request))
#35 /Users/macbookair/www/laravel10apps/vendor/laravel/framework/src/Illuminate/Pipeline/Pipeline.php(149): Illuminate\Foundation\Http\Middleware\CheckForMaintenanceMode->handle(Object(Illuminate\Http\Request), Object(Closure))
#36 /Users/macbookair/www/laravel10apps/vendor/laravel/framework/src/Illuminate/Routing/Pipeline.php(53): Illuminate\Pipeline\Pipeline->Illuminate\Pipeline\{closure}(Object(Illuminate\Http\Request))
#37 /Users/macbookair/www/laravel10apps/vendor/laravel/framework/src/Illuminate/Pipeline/Pipeline.php(102): Illuminate\Routing\Pipeline->Illuminate\Routing\{closure}(Object(Illuminate\Http\Request))
#38 /Users/macbookair/www/laravel10apps/vendor/laravel/framework/src/Illuminate/Foundation/Http/Kernel.php(151): Illuminate\Pipeline\Pipeline->then(Object(Closure))
#39 /Users/macbookair/www/laravel10apps/vendor/laravel/framework/src/Illuminate/Foundation/Http/Kernel.php(116): Illuminate\Foundation\Http\Kernel->sendRequestThroughRouter(Object(Illuminate\Http\Request))
#40 /Users/macbookair/www/laravel10apps/index.php(43): Illuminate\Foundation\Http\Kernel->handle(Object(Illuminate\Http\Request))
#41 {main}  
[2018-06-17 11:11:40] dev.ERROR: InvalidArgumentException: Illegal operator and value combination. in /Users/macbookair/www/laravel10apps/vendor/laravel/framework/src/Illuminate/Database/Query/Builder.php:591
Stack trace:
#0 /Users/macbookair/www/laravel10apps/vendor/laravel/framework/src/Illuminate/Database/Query/Builder.php(976): Illuminate\Database\Query\Builder->prepareValueAndOperator(NULL, '<', false)
#1 /Users/macbookair/www/laravel10apps/vendor/laravel/framework/src/Illuminate/Database/Eloquent/Builder.php(1288): Illuminate\Database\Query\Builder->whereDate('published_at', '<', NULL)
#2 /Users/macbookair/www/laravel10apps/vendor/october/rain/src/Database/Builder.php(178): Illuminate\Database\Eloquent\Builder->__call('whereDate', Array)
#3 /Users/macbookair/www/laravel10apps/plugins/rainlab/blog/models/Post.php(390): October\Rain\Database\Builder->__call('whereDate', Array)
#4 /Users/macbookair/www/laravel10apps/vendor/laravel/framework/src/Illuminate/Database/Eloquent/Builder.php(957): RainLab\Blog\Models\Post->scopeApplySibling(Object(October\Rain\Database\Builder))
#5 /Users/macbookair/www/laravel10apps/vendor/october/rain/src/Database/Builder.php(175): Illuminate\Database\Eloquent\Builder->callScope(Array, Array)
#6 /Users/macbookair/www/laravel10apps/plugins/rainlab/blog/models/Post.php(401): October\Rain\Database\Builder->__call('applySibling', Array)
#7 /Users/macbookair/www/laravel10apps/plugins/rainlab/blog/components/Post.php(110): RainLab\Blog\Models\Post->nextPost()
#8 /Users/macbookair/www/laravel10apps/plugins/rainlab/blog/components/Post.php(99): RainLab\Blog\Components\Post->getPostSibling(1)
#9 /Users/macbookair/www/laravel10apps/vendor/twig/twig/lib/Twig/Extension/Core.php(1605): RainLab\Blog\Components\Post->nextPost()
#10 /Users/macbookair/www/laravel10apps/storage/cms/twig/7b/7b8c6bcdb2a9e9d6311098e1daf13ffbfcdd0f5f12acf7edbd75bf0f69a6c840.php(25): twig_get_attribute(Object(Twig_Environment), Object(Twig_Source), Object(RainLab\Blog\Components\Post), 'nextPost', Array)
#11 /Users/macbookair/www/laravel10apps/vendor/twig/twig/lib/Twig/Template.php(390): __TwigTemplate_60fcb9373f4d962f7362131f05ed25e245eda79e17171e5b8c5085d6cdfaa2bd->doDisplay(Array, Array)
#12 /Users/macbookair/www/laravel10apps/vendor/twig/twig/lib/Twig/Template.php(367): Twig_Template->displayWithErrorHandling(Array, Array)
#13 /Users/macbookair/www/laravel10apps/vendor/twig/twig/lib/Twig/Template.php(375): Twig_Template->display(Array)
#14 /Users/macbookair/www/laravel10apps/modules/cms/Classes/Controller.php(365): Twig_Template->render(Array)
#15 /Users/macbookair/www/laravel10apps/modules/cms/Classes/Controller.php(211): Cms\Classes\Controller->runPage(Object(Cms\Classes\Page))
#16 /Users/macbookair/www/laravel10apps/modules/cms/Classes/CmsController.php(50): Cms\Classes\Controller->run('blog/post/test')
#17 [internal function]: Cms\Classes\CmsController->run('blog/post/test')
#18 /Users/macbookair/www/laravel10apps/vendor/laravel/framework/src/Illuminate/Routing/Controller.php(54): call_user_func_array(Array, Array)
#19 /Users/macbookair/www/laravel10apps/vendor/laravel/framework/src/Illuminate/Routing/ControllerDispatcher.php(45): Illuminate\Routing\Controller->callAction('run', Array)
#20 /Users/macbookair/www/laravel10apps/vendor/laravel/framework/src/Illuminate/Routing/Route.php(212): Illuminate\Routing\ControllerDispatcher->dispatch(Object(Illuminate\Routing\Route), Object(Cms\Classes\CmsController), 'run')
#21 /Users/macbookair/www/laravel10apps/vendor/laravel/framework/src/Illuminate/Routing/Route.php(169): Illuminate\Routing\Route->runController()
#22 /Users/macbookair/www/laravel10apps/vendor/laravel/framework/src/Illuminate/Routing/Router.php(658): Illuminate\Routing\Route->run()
#23 /Users/macbookair/www/laravel10apps/vendor/laravel/framework/src/Illuminate/Routing/Pipeline.php(30): Illuminate\Routing\Router->Illuminate\Routing\{closure}(Object(Illuminate\Http\Request))
#24 /Users/macbookair/www/laravel10apps/vendor/laravel/framework/src/Illuminate/Routing/Middleware/SubstituteBindings.php(41): Illuminate\Routing\Pipeline->Illuminate\Routing\{closure}(Object(Illuminate\Http\Request))
#25 /Users/macbookair/www/laravel10apps/vendor/laravel/framework/src/Illuminate/Pipeline/Pipeline.php(149): Illuminate\Routing\Middleware\SubstituteBindings->handle(Object(Illuminate\Http\Request), Object(Closure))
#26 /Users/macbookair/www/laravel10apps/vendor/laravel/framework/src/Illuminate/Routing/Pipeline.php(53): Illuminate\Pipeline\Pipeline->Illuminate\Pipeline\{closure}(Object(Illuminate\Http\Request))
#27 /Users/macbookair/www/laravel10apps/vendor/laravel/framework/src/Illuminate/View/Middleware/ShareErrorsFromSession.php(49): Illuminate\Routing\Pipeline->Illuminate\Routing\{closure}(Object(Illuminate\Http\Request))
#28 /Users/macbookair/www/laravel10apps/vendor/laravel/framework/src/Illuminate/Pipeline/Pipeline.php(149): Illuminate\View\Middleware\ShareErrorsFromSession->handle(Object(Illuminate\Http\Request), Object(Closure))
#29 /Users/macbookair/www/laravel10apps/vendor/laravel/framework/src/Illuminate/Routing/Pipeline.php(53): Illuminate\Pipeline\Pipeline->Illuminate\Pipeline\{closure}(Object(Illuminate\Http\Request))
#30 /Users/macbookair/www/laravel10apps/vendor/laravel/framework/src/Illuminate/Session/Middleware/StartSession.php(63): Illuminate\Routing\Pipeline->Illuminate\Routing\{closure}(Object(Illuminate\Http\Request))
#31 /Users/macbookair/www/laravel10apps/vendor/laravel/framework/src/Illuminate/Pipeline/Pipeline.php(149): Illuminate\Session\Middleware\StartSession->handle(Object(Illuminate\Http\Request), Object(Closure))
#32 /Users/macbookair/www/laravel10apps/vendor/laravel/framework/src/Illuminate/Routing/Pipeline.php(53): Illuminate\Pipeline\Pipeline->Illuminate\Pipeline\{closure}(Object(Illuminate\Http\Request))
#33 /Users/macbookair/www/laravel10apps/vendor/laravel/framework/src/Illuminate/Cookie/Middleware/AddQueuedCookiesToResponse.php(37): Illuminate\Routing\Pipeline->Illuminate\Routing\{closure}(Object(Illuminate\Http\Request))
#34 /Users/macbookair/www/laravel10apps/vendor/laravel/framework/src/Illuminate/Pipeline/Pipeline.php(149): Illuminate\Cookie\Middleware\AddQueuedCookiesToResponse->handle(Object(Illuminate\Http\Request), Object(Closure))
#35 /Users/macbookair/www/laravel10apps/vendor/laravel/framework/src/Illuminate/Routing/Pipeline.php(53): Illuminate\Pipeline\Pipeline->Illuminate\Pipeline\{closure}(Object(Illuminate\Http\Request))
#36 /Users/macbookair/www/laravel10apps/vendor/laravel/framework/src/Illuminate/Cookie/Middleware/EncryptCookies.php(59): Illuminate\Routing\Pipeline->Illuminate\Routing\{closure}(Object(Illuminate\Http\Request))
#37 /Users/macbookair/www/laravel10apps/vendor/laravel/framework/src/Illuminate/Pipeline/Pipeline.php(149): Illuminate\Cookie\Middleware\EncryptCookies->handle(Object(Illuminate\Http\Request), Object(Closure))
#38 /Users/macbookair/www/laravel10apps/vendor/laravel/framework/src/Illuminate/Routing/Pipeline.php(53): Illuminate\Pipeline\Pipeline->Illuminate\Pipeline\{closure}(Object(Illuminate\Http\Request))
#39 /Users/macbookair/www/laravel10apps/vendor/laravel/framework/src/Illuminate/Pipeline/Pipeline.php(102): Illuminate\Routing\Pipeline->Illuminate\Routing\{closure}(Object(Illuminate\Http\Request))
#40 /Users/macbookair/www/laravel10apps/vendor/laravel/framework/src/Illuminate/Routing/Router.php(660): Illuminate\Pipeline\Pipeline->then(Object(Closure))
#41 /Users/macbookair/www/laravel10apps/vendor/laravel/framework/src/Illuminate/Routing/Router.php(635): Illuminate\Routing\Router->runRouteWithinStack(Object(Illuminate\Routing\Route), Object(Illuminate\Http\Request))
#42 /Users/macbookair/www/laravel10apps/vendor/laravel/framework/src/Illuminate/Routing/Router.php(601): Illuminate\Routing\Router->runRoute(Object(Illuminate\Http\Request), Object(Illuminate\Routing\Route))
#43 /Users/macbookair/www/laravel10apps/vendor/october/rain/src/Router/CoreRouter.php(20): Illuminate\Routing\Router->dispatchToRoute(Object(Illuminate\Http\Request))
#44 /Users/macbookair/www/laravel10apps/vendor/laravel/framework/src/Illuminate/Foundation/Http/Kernel.php(176): October\Rain\Router\CoreRouter->dispatch(Object(Illuminate\Http\Request))
#45 /Users/macbookair/www/laravel10apps/vendor/laravel/framework/src/Illuminate/Routing/Pipeline.php(30): Illuminate\Foundation\Http\Kernel->Illuminate\Foundation\Http\{closure}(Object(Illuminate\Http\Request))
#46 /Users/macbookair/www/laravel10apps/vendor/laravel/framework/src/Illuminate/Foundation/Http/Middleware/CheckForMaintenanceMode.php(46): Illuminate\Routing\Pipeline->Illuminate\Routing\{closure}(Object(Illuminate\Http\Request))
#47 /Users/macbookair/www/laravel10apps/vendor/laravel/framework/src/Illuminate/Pipeline/Pipeline.php(149): Illuminate\Foundation\Http\Middleware\CheckForMaintenanceMode->handle(Object(Illuminate\Http\Request), Object(Closure))
#48 /Users/macbookair/www/laravel10apps/vendor/laravel/framework/src/Illuminate/Routing/Pipeline.php(53): Illuminate\Pipeline\Pipeline->Illuminate\Pipeline\{closure}(Object(Illuminate\Http\Request))
#49 /Users/macbookair/www/laravel10apps/vendor/laravel/framework/src/Illuminate/Pipeline/Pipeline.php(102): Illuminate\Routing\Pipeline->Illuminate\Routing\{closure}(Object(Illuminate\Http\Request))
#50 /Users/macbookair/www/laravel10apps/vendor/laravel/framework/src/Illuminate/Foundation/Http/Kernel.php(151): Illuminate\Pipeline\Pipeline->then(Object(Closure))
#51 /Users/macbookair/www/laravel10apps/vendor/laravel/framework/src/Illuminate/Foundation/Http/Kernel.php(116): Illuminate\Foundation\Http\Kernel->sendRequestThroughRouter(Object(Illuminate\Http\Request))
#52 /Users/macbookair/www/laravel10apps/index.php(43): Illuminate\Foundation\Http\Kernel->handle(Object(Illuminate\Http\Request))
#53 {main}

Next Twig_Error_Runtime: An exception has been thrown during the rendering of a template ("Illegal operator and value combination.") in "/Users/macbookair/www/laravel10apps/themes/responsiv-clean/pages/blog/post.htm" at line 2. in /Users/macbookair/www/laravel10apps/vendor/twig/twig/lib/Twig/Template.php:405
Stack trace:
#0 /Users/macbookair/www/laravel10apps/vendor/twig/twig/lib/Twig/Template.php(367): Twig_Template->displayWithErrorHandling(Array, Array)
#1 /Users/macbookair/www/laravel10apps/vendor/twig/twig/lib/Twig/Template.php(375): Twig_Template->display(Array)
#2 /Users/macbookair/www/laravel10apps/modules/cms/Classes/Controller.php(365): Twig_Template->render(Array)
#3 /Users/macbookair/www/laravel10apps/modules/cms/Classes/Controller.php(211): Cms\Classes\Controller->runPage(Object(Cms\Classes\Page))
#4 /Users/macbookair/www/laravel10apps/modules/cms/Classes/CmsController.php(50): Cms\Classes\Controller->run('blog/post/test')
#5 [internal function]: Cms\Classes\CmsController->run('blog/post/test')
#6 /Users/macbookair/www/laravel10apps/vendor/laravel/framework/src/Illuminate/Routing/Controller.php(54): call_user_func_array(Array, Array)
#7 /Users/macbookair/www/laravel10apps/vendor/laravel/framework/src/Illuminate/Routing/ControllerDispatcher.php(45): Illuminate\Routing\Controller->callAction('run', Array)
#8 /Users/macbookair/www/laravel10apps/vendor/laravel/framework/src/Illuminate/Routing/Route.php(212): Illuminate\Routing\ControllerDispatcher->dispatch(Object(Illuminate\Routing\Route), Object(Cms\Classes\CmsController), 'run')
#9 /Users/macbookair/www/laravel10apps/vendor/laravel/framework/src/Illuminate/Routing/Route.php(169): Illuminate\Routing\Route->runController()
#10 /Users/macbookair/www/laravel10apps/vendor/laravel/framework/src/Illuminate/Routing/Router.php(658): Illuminate\Routing\Route->run()
#11 /Users/macbookair/www/laravel10apps/vendor/laravel/framework/src/Illuminate/Routing/Pipeline.php(30): Illuminate\Routing\Router->Illuminate\Routing\{closure}(Object(Illuminate\Http\Request))
#12 /Users/macbookair/www/laravel10apps/vendor/laravel/framework/src/Illuminate/Routing/Middleware/SubstituteBindings.php(41): Illuminate\Routing\Pipeline->Illuminate\Routing\{closure}(Object(Illuminate\Http\Request))
#13 /Users/macbookair/www/laravel10apps/vendor/laravel/framework/src/Illuminate/Pipeline/Pipeline.php(149): Illuminate\Routing\Middleware\SubstituteBindings->handle(Object(Illuminate\Http\Request), Object(Closure))
#14 /Users/macbookair/www/laravel10apps/vendor/laravel/framework/src/Illuminate/Routing/Pipeline.php(53): Illuminate\Pipeline\Pipeline->Illuminate\Pipeline\{closure}(Object(Illuminate\Http\Request))
#15 /Users/macbookair/www/laravel10apps/vendor/laravel/framework/src/Illuminate/View/Middleware/ShareErrorsFromSession.php(49): Illuminate\Routing\Pipeline->Illuminate\Routing\{closure}(Object(Illuminate\Http\Request))
#16 /Users/macbookair/www/laravel10apps/vendor/laravel/framework/src/Illuminate/Pipeline/Pipeline.php(149): Illuminate\View\Middleware\ShareErrorsFromSession->handle(Object(Illuminate\Http\Request), Object(Closure))
#17 /Users/macbookair/www/laravel10apps/vendor/laravel/framework/src/Illuminate/Routing/Pipeline.php(53): Illuminate\Pipeline\Pipeline->Illuminate\Pipeline\{closure}(Object(Illuminate\Http\Request))
#18 /Users/macbookair/www/laravel10apps/vendor/laravel/framework/src/Illuminate/Session/Middleware/StartSession.php(63): Illuminate\Routing\Pipeline->Illuminate\Routing\{closure}(Object(Illuminate\Http\Request))
#19 /Users/macbookair/www/laravel10apps/vendor/laravel/framework/src/Illuminate/Pipeline/Pipeline.php(149): Illuminate\Session\Middleware\StartSession->handle(Object(Illuminate\Http\Request), Object(Closure))
#20 /Users/macbookair/www/laravel10apps/vendor/laravel/framework/src/Illuminate/Routing/Pipeline.php(53): Illuminate\Pipeline\Pipeline->Illuminate\Pipeline\{closure}(Object(Illuminate\Http\Request))
#21 /Users/macbookair/www/laravel10apps/vendor/laravel/framework/src/Illuminate/Cookie/Middleware/AddQueuedCookiesToResponse.php(37): Illuminate\Routing\Pipeline->Illuminate\Routing\{closure}(Object(Illuminate\Http\Request))
#22 /Users/macbookair/www/laravel10apps/vendor/laravel/framework/src/Illuminate/Pipeline/Pipeline.php(149): Illuminate\Cookie\Middleware\AddQueuedCookiesToResponse->handle(Object(Illuminate\Http\Request), Object(Closure))
#23 /Users/macbookair/www/laravel10apps/vendor/laravel/framework/src/Illuminate/Routing/Pipeline.php(53): Illuminate\Pipeline\Pipeline->Illuminate\Pipeline\{closure}(Object(Illuminate\Http\Request))
#24 /Users/macbookair/www/laravel10apps/vendor/laravel/framework/src/Illuminate/Cookie/Middleware/EncryptCookies.php(59): Illuminate\Routing\Pipeline->Illuminate\Routing\{closure}(Object(Illuminate\Http\Request))
#25 /Users/macbookair/www/laravel10apps/vendor/laravel/framework/src/Illuminate/Pipeline/Pipeline.php(149): Illuminate\Cookie\Middleware\EncryptCookies->handle(Object(Illuminate\Http\Request), Object(Closure))
#26 /Users/macbookair/www/laravel10apps/vendor/laravel/framework/src/Illuminate/Routing/Pipeline.php(53): Illuminate\Pipeline\Pipeline->Illuminate\Pipeline\{closure}(Object(Illuminate\Http\Request))
#27 /Users/macbookair/www/laravel10apps/vendor/laravel/framework/src/Illuminate/Pipeline/Pipeline.php(102): Illuminate\Routing\Pipeline->Illuminate\Routing\{closure}(Object(Illuminate\Http\Request))
#28 /Users/macbookair/www/laravel10apps/vendor/laravel/framework/src/Illuminate/Routing/Router.php(660): Illuminate\Pipeline\Pipeline->then(Object(Closure))
#29 /Users/macbookair/www/laravel10apps/vendor/laravel/framework/src/Illuminate/Routing/Router.php(635): Illuminate\Routing\Router->runRouteWithinStack(Object(Illuminate\Routing\Route), Object(Illuminate\Http\Request))
#30 /Users/macbookair/www/laravel10apps/vendor/laravel/framework/src/Illuminate/Routing/Router.php(601): Illuminate\Routing\Router->runRoute(Object(Illuminate\Http\Request), Object(Illuminate\Routing\Route))
#31 /Users/macbookair/www/laravel10apps/vendor/october/rain/src/Router/CoreRouter.php(20): Illuminate\Routing\Router->dispatchToRoute(Object(Illuminate\Http\Request))
#32 /Users/macbookair/www/laravel10apps/vendor/laravel/framework/src/Illuminate/Foundation/Http/Kernel.php(176): October\Rain\Router\CoreRouter->dispatch(Object(Illuminate\Http\Request))
#33 /Users/macbookair/www/laravel10apps/vendor/laravel/framework/src/Illuminate/Routing/Pipeline.php(30): Illuminate\Foundation\Http\Kernel->Illuminate\Foundation\Http\{closure}(Object(Illuminate\Http\Request))
#34 /Users/macbookair/www/laravel10apps/vendor/laravel/framework/src/Illuminate/Foundation/Http/Middleware/CheckForMaintenanceMode.php(46): Illuminate\Routing\Pipeline->Illuminate\Routing\{closure}(Object(Illuminate\Http\Request))
#35 /Users/macbookair/www/laravel10apps/vendor/laravel/framework/src/Illuminate/Pipeline/Pipeline.php(149): Illuminate\Foundation\Http\Middleware\CheckForMaintenanceMode->handle(Object(Illuminate\Http\Request), Object(Closure))
#36 /Users/macbookair/www/laravel10apps/vendor/laravel/framework/src/Illuminate/Routing/Pipeline.php(53): Illuminate\Pipeline\Pipeline->Illuminate\Pipeline\{closure}(Object(Illuminate\Http\Request))
#37 /Users/macbookair/www/laravel10apps/vendor/laravel/framework/src/Illuminate/Pipeline/Pipeline.php(102): Illuminate\Routing\Pipeline->Illuminate\Routing\{closure}(Object(Illuminate\Http\Request))
#38 /Users/macbookair/www/laravel10apps/vendor/laravel/framework/src/Illuminate/Foundation/Http/Kernel.php(151): Illuminate\Pipeline\Pipeline->then(Object(Closure))
#39 /Users/macbookair/www/laravel10apps/vendor/laravel/framework/src/Illuminate/Foundation/Http/Kernel.php(116): Illuminate\Foundation\Http\Kernel->sendRequestThroughRouter(Object(Illuminate\Http\Request))
#40 /Users/macbookair/www/laravel10apps/index.php(43): Illuminate\Foundation\Http\Kernel->handle(Object(Illuminate\Http\Request))
#41 {main}  
[2018-06-17 11:11:48] dev.ERROR: InvalidArgumentException: Illegal operator and value combination. in /Users/macbookair/www/laravel10apps/vendor/laravel/framework/src/Illuminate/Database/Query/Builder.php:591
Stack trace:
#0 /Users/macbookair/www/laravel10apps/vendor/laravel/framework/src/Illuminate/Database/Query/Builder.php(976): Illuminate\Database\Query\Builder->prepareValueAndOperator(NULL, '<', false)
#1 /Users/macbookair/www/laravel10apps/vendor/laravel/framework/src/Illuminate/Database/Eloquent/Builder.php(1288): Illuminate\Database\Query\Builder->whereDate('published_at', '<', NULL)
#2 /Users/macbookair/www/laravel10apps/vendor/october/rain/src/Database/Builder.php(178): Illuminate\Database\Eloquent\Builder->__call('whereDate', Array)
#3 /Users/macbookair/www/laravel10apps/plugins/rainlab/blog/models/Post.php(390): October\Rain\Database\Builder->__call('whereDate', Array)
#4 /Users/macbookair/www/laravel10apps/vendor/laravel/framework/src/Illuminate/Database/Eloquent/Builder.php(957): RainLab\Blog\Models\Post->scopeApplySibling(Object(October\Rain\Database\Builder))
#5 /Users/macbookair/www/laravel10apps/vendor/october/rain/src/Database/Builder.php(175): Illuminate\Database\Eloquent\Builder->callScope(Array, Array)
#6 /Users/macbookair/www/laravel10apps/plugins/rainlab/blog/models/Post.php(401): October\Rain\Database\Builder->__call('applySibling', Array)
#7 /Users/macbookair/www/laravel10apps/plugins/rainlab/blog/components/Post.php(110): RainLab\Blog\Models\Post->nextPost()
#8 /Users/macbookair/www/laravel10apps/plugins/rainlab/blog/components/Post.php(99): RainLab\Blog\Components\Post->getPostSibling(1)
#9 /Users/macbookair/www/laravel10apps/vendor/twig/twig/lib/Twig/Extension/Core.php(1605): RainLab\Blog\Components\Post->nextPost()
#10 /Users/macbookair/www/laravel10apps/storage/cms/twig/7b/7b8c6bcdb2a9e9d6311098e1daf13ffbfcdd0f5f12acf7edbd75bf0f69a6c840.php(25): twig_get_attribute(Object(Twig_Environment), Object(Twig_Source), Object(RainLab\Blog\Components\Post), 'nextPost', Array)
#11 /Users/macbookair/www/laravel10apps/vendor/twig/twig/lib/Twig/Template.php(390): __TwigTemplate_60fcb9373f4d962f7362131f05ed25e245eda79e17171e5b8c5085d6cdfaa2bd->doDisplay(Array, Array)
#12 /Users/macbookair/www/laravel10apps/vendor/twig/twig/lib/Twig/Template.php(367): Twig_Template->displayWithErrorHandling(Array, Array)
#13 /Users/macbookair/www/laravel10apps/vendor/twig/twig/lib/Twig/Template.php(375): Twig_Template->display(Array)
#14 /Users/macbookair/www/laravel10apps/modules/cms/Classes/Controller.php(365): Twig_Template->render(Array)
#15 /Users/macbookair/www/laravel10apps/modules/cms/Classes/Controller.php(211): Cms\Classes\Controller->runPage(Object(Cms\Classes\Page))
#16 /Users/macbookair/www/laravel10apps/modules/cms/Classes/CmsController.php(50): Cms\Classes\Controller->run('blog/post/test')
#17 [internal function]: Cms\Classes\CmsController->run('blog/post/test')
#18 /Users/macbookair/www/laravel10apps/vendor/laravel/framework/src/Illuminate/Routing/Controller.php(54): call_user_func_array(Array, Array)
#19 /Users/macbookair/www/laravel10apps/vendor/laravel/framework/src/Illuminate/Routing/ControllerDispatcher.php(45): Illuminate\Routing\Controller->callAction('run', Array)
#20 /Users/macbookair/www/laravel10apps/vendor/laravel/framework/src/Illuminate/Routing/Route.php(212): Illuminate\Routing\ControllerDispatcher->dispatch(Object(Illuminate\Routing\Route), Object(Cms\Classes\CmsController), 'run')
#21 /Users/macbookair/www/laravel10apps/vendor/laravel/framework/src/Illuminate/Routing/Route.php(169): Illuminate\Routing\Route->runController()
#22 /Users/macbookair/www/laravel10apps/vendor/laravel/framework/src/Illuminate/Routing/Router.php(658): Illuminate\Routing\Route->run()
#23 /Users/macbookair/www/laravel10apps/vendor/laravel/framework/src/Illuminate/Routing/Pipeline.php(30): Illuminate\Routing\Router->Illuminate\Routing\{closure}(Object(Illuminate\Http\Request))
#24 /Users/macbookair/www/laravel10apps/vendor/laravel/framework/src/Illuminate/Routing/Middleware/SubstituteBindings.php(41): Illuminate\Routing\Pipeline->Illuminate\Routing\{closure}(Object(Illuminate\Http\Request))
#25 /Users/macbookair/www/laravel10apps/vendor/laravel/framework/src/Illuminate/Pipeline/Pipeline.php(149): Illuminate\Routing\Middleware\SubstituteBindings->handle(Object(Illuminate\Http\Request), Object(Closure))
#26 /Users/macbookair/www/laravel10apps/vendor/laravel/framework/src/Illuminate/Routing/Pipeline.php(53): Illuminate\Pipeline\Pipeline->Illuminate\Pipeline\{closure}(Object(Illuminate\Http\Request))
#27 /Users/macbookair/www/laravel10apps/vendor/laravel/framework/src/Illuminate/View/Middleware/ShareErrorsFromSession.php(49): Illuminate\Routing\Pipeline->Illuminate\Routing\{closure}(Object(Illuminate\Http\Request))
#28 /Users/macbookair/www/laravel10apps/vendor/laravel/framework/src/Illuminate/Pipeline/Pipeline.php(149): Illuminate\View\Middleware\ShareErrorsFromSession->handle(Object(Illuminate\Http\Request), Object(Closure))
#29 /Users/macbookair/www/laravel10apps/vendor/laravel/framework/src/Illuminate/Routing/Pipeline.php(53): Illuminate\Pipeline\Pipeline->Illuminate\Pipeline\{closure}(Object(Illuminate\Http\Request))
#30 /Users/macbookair/www/laravel10apps/vendor/laravel/framework/src/Illuminate/Session/Middleware/StartSession.php(63): Illuminate\Routing\Pipeline->Illuminate\Routing\{closure}(Object(Illuminate\Http\Request))
#31 /Users/macbookair/www/laravel10apps/vendor/laravel/framework/src/Illuminate/Pipeline/Pipeline.php(149): Illuminate\Session\Middleware\StartSession->handle(Object(Illuminate\Http\Request), Object(Closure))
#32 /Users/macbookair/www/laravel10apps/vendor/laravel/framework/src/Illuminate/Routing/Pipeline.php(53): Illuminate\Pipeline\Pipeline->Illuminate\Pipeline\{closure}(Object(Illuminate\Http\Request))
#33 /Users/macbookair/www/laravel10apps/vendor/laravel/framework/src/Illuminate/Cookie/Middleware/AddQueuedCookiesToResponse.php(37): Illuminate\Routing\Pipeline->Illuminate\Routing\{closure}(Object(Illuminate\Http\Request))
#34 /Users/macbookair/www/laravel10apps/vendor/laravel/framework/src/Illuminate/Pipeline/Pipeline.php(149): Illuminate\Cookie\Middleware\AddQueuedCookiesToResponse->handle(Object(Illuminate\Http\Request), Object(Closure))
#35 /Users/macbookair/www/laravel10apps/vendor/laravel/framework/src/Illuminate/Routing/Pipeline.php(53): Illuminate\Pipeline\Pipeline->Illuminate\Pipeline\{closure}(Object(Illuminate\Http\Request))
#36 /Users/macbookair/www/laravel10apps/vendor/laravel/framework/src/Illuminate/Cookie/Middleware/EncryptCookies.php(59): Illuminate\Routing\Pipeline->Illuminate\Routing\{closure}(Object(Illuminate\Http\Request))
#37 /Users/macbookair/www/laravel10apps/vendor/laravel/framework/src/Illuminate/Pipeline/Pipeline.php(149): Illuminate\Cookie\Middleware\EncryptCookies->handle(Object(Illuminate\Http\Request), Object(Closure))
#38 /Users/macbookair/www/laravel10apps/vendor/laravel/framework/src/Illuminate/Routing/Pipeline.php(53): Illuminate\Pipeline\Pipeline->Illuminate\Pipeline\{closure}(Object(Illuminate\Http\Request))
#39 /Users/macbookair/www/laravel10apps/vendor/laravel/framework/src/Illuminate/Pipeline/Pipeline.php(102): Illuminate\Routing\Pipeline->Illuminate\Routing\{closure}(Object(Illuminate\Http\Request))
#40 /Users/macbookair/www/laravel10apps/vendor/laravel/framework/src/Illuminate/Routing/Router.php(660): Illuminate\Pipeline\Pipeline->then(Object(Closure))
#41 /Users/macbookair/www/laravel10apps/vendor/laravel/framework/src/Illuminate/Routing/Router.php(635): Illuminate\Routing\Router->runRouteWithinStack(Object(Illuminate\Routing\Route), Object(Illuminate\Http\Request))
#42 /Users/macbookair/www/laravel10apps/vendor/laravel/framework/src/Illuminate/Routing/Router.php(601): Illuminate\Routing\Router->runRoute(Object(Illuminate\Http\Request), Object(Illuminate\Routing\Route))
#43 /Users/macbookair/www/laravel10apps/vendor/october/rain/src/Router/CoreRouter.php(20): Illuminate\Routing\Router->dispatchToRoute(Object(Illuminate\Http\Request))
#44 /Users/macbookair/www/laravel10apps/vendor/laravel/framework/src/Illuminate/Foundation/Http/Kernel.php(176): October\Rain\Router\CoreRouter->dispatch(Object(Illuminate\Http\Request))
#45 /Users/macbookair/www/laravel10apps/vendor/laravel/framework/src/Illuminate/Routing/Pipeline.php(30): Illuminate\Foundation\Http\Kernel->Illuminate\Foundation\Http\{closure}(Object(Illuminate\Http\Request))
#46 /Users/macbookair/www/laravel10apps/vendor/laravel/framework/src/Illuminate/Foundation/Http/Middleware/CheckForMaintenanceMode.php(46): Illuminate\Routing\Pipeline->Illuminate\Routing\{closure}(Object(Illuminate\Http\Request))
#47 /Users/macbookair/www/laravel10apps/vendor/laravel/framework/src/Illuminate/Pipeline/Pipeline.php(149): Illuminate\Foundation\Http\Middleware\CheckForMaintenanceMode->handle(Object(Illuminate\Http\Request), Object(Closure))
#48 /Users/macbookair/www/laravel10apps/vendor/laravel/framework/src/Illuminate/Routing/Pipeline.php(53): Illuminate\Pipeline\Pipeline->Illuminate\Pipeline\{closure}(Object(Illuminate\Http\Request))
#49 /Users/macbookair/www/laravel10apps/vendor/laravel/framework/src/Illuminate/Pipeline/Pipeline.php(102): Illuminate\Routing\Pipeline->Illuminate\Routing\{closure}(Object(Illuminate\Http\Request))
#50 /Users/macbookair/www/laravel10apps/vendor/laravel/framework/src/Illuminate/Foundation/Http/Kernel.php(151): Illuminate\Pipeline\Pipeline->then(Object(Closure))
#51 /Users/macbookair/www/laravel10apps/vendor/laravel/framework/src/Illuminate/Foundation/Http/Kernel.php(116): Illuminate\Foundation\Http\Kernel->sendRequestThroughRouter(Object(Illuminate\Http\Request))
#52 /Users/macbookair/www/laravel10apps/index.php(43): Illuminate\Foundation\Http\Kernel->handle(Object(Illuminate\Http\Request))
#53 {main}

Next Twig_Error_Runtime: An exception has been thrown during the rendering of a template ("Illegal operator and value combination.") in "/Users/macbookair/www/laravel10apps/themes/responsiv-clean/pages/blog/post.htm" at line 2. in /Users/macbookair/www/laravel10apps/vendor/twig/twig/lib/Twig/Template.php:405
Stack trace:
#0 /Users/macbookair/www/laravel10apps/vendor/twig/twig/lib/Twig/Template.php(367): Twig_Template->displayWithErrorHandling(Array, Array)
#1 /Users/macbookair/www/laravel10apps/vendor/twig/twig/lib/Twig/Template.php(375): Twig_Template->display(Array)
#2 /Users/macbookair/www/laravel10apps/modules/cms/Classes/Controller.php(365): Twig_Template->render(Array)
#3 /Users/macbookair/www/laravel10apps/modules/cms/Classes/Controller.php(211): Cms\Classes\Controller->runPage(Object(Cms\Classes\Page))
#4 /Users/macbookair/www/laravel10apps/modules/cms/Classes/CmsController.php(50): Cms\Classes\Controller->run('blog/post/test')
#5 [internal function]: Cms\Classes\CmsController->run('blog/post/test')
#6 /Users/macbookair/www/laravel10apps/vendor/laravel/framework/src/Illuminate/Routing/Controller.php(54): call_user_func_array(Array, Array)
#7 /Users/macbookair/www/laravel10apps/vendor/laravel/framework/src/Illuminate/Routing/ControllerDispatcher.php(45): Illuminate\Routing\Controller->callAction('run', Array)
#8 /Users/macbookair/www/laravel10apps/vendor/laravel/framework/src/Illuminate/Routing/Route.php(212): Illuminate\Routing\ControllerDispatcher->dispatch(Object(Illuminate\Routing\Route), Object(Cms\Classes\CmsController), 'run')
#9 /Users/macbookair/www/laravel10apps/vendor/laravel/framework/src/Illuminate/Routing/Route.php(169): Illuminate\Routing\Route->runController()
#10 /Users/macbookair/www/laravel10apps/vendor/laravel/framework/src/Illuminate/Routing/Router.php(658): Illuminate\Routing\Route->run()
#11 /Users/macbookair/www/laravel10apps/vendor/laravel/framework/src/Illuminate/Routing/Pipeline.php(30): Illuminate\Routing\Router->Illuminate\Routing\{closure}(Object(Illuminate\Http\Request))
#12 /Users/macbookair/www/laravel10apps/vendor/laravel/framework/src/Illuminate/Routing/Middleware/SubstituteBindings.php(41): Illuminate\Routing\Pipeline->Illuminate\Routing\{closure}(Object(Illuminate\Http\Request))
#13 /Users/macbookair/www/laravel10apps/vendor/laravel/framework/src/Illuminate/Pipeline/Pipeline.php(149): Illuminate\Routing\Middleware\SubstituteBindings->handle(Object(Illuminate\Http\Request), Object(Closure))
#14 /Users/macbookair/www/laravel10apps/vendor/laravel/framework/src/Illuminate/Routing/Pipeline.php(53): Illuminate\Pipeline\Pipeline->Illuminate\Pipeline\{closure}(Object(Illuminate\Http\Request))
#15 /Users/macbookair/www/laravel10apps/vendor/laravel/framework/src/Illuminate/View/Middleware/ShareErrorsFromSession.php(49): Illuminate\Routing\Pipeline->Illuminate\Routing\{closure}(Object(Illuminate\Http\Request))
#16 /Users/macbookair/www/laravel10apps/vendor/laravel/framework/src/Illuminate/Pipeline/Pipeline.php(149): Illuminate\View\Middleware\ShareErrorsFromSession->handle(Object(Illuminate\Http\Request), Object(Closure))
#17 /Users/macbookair/www/laravel10apps/vendor/laravel/framework/src/Illuminate/Routing/Pipeline.php(53): Illuminate\Pipeline\Pipeline->Illuminate\Pipeline\{closure}(Object(Illuminate\Http\Request))
#18 /Users/macbookair/www/laravel10apps/vendor/laravel/framework/src/Illuminate/Session/Middleware/StartSession.php(63): Illuminate\Routing\Pipeline->Illuminate\Routing\{closure}(Object(Illuminate\Http\Request))
#19 /Users/macbookair/www/laravel10apps/vendor/laravel/framework/src/Illuminate/Pipeline/Pipeline.php(149): Illuminate\Session\Middleware\StartSession->handle(Object(Illuminate\Http\Request), Object(Closure))
#20 /Users/macbookair/www/laravel10apps/vendor/laravel/framework/src/Illuminate/Routing/Pipeline.php(53): Illuminate\Pipeline\Pipeline->Illuminate\Pipeline\{closure}(Object(Illuminate\Http\Request))
#21 /Users/macbookair/www/laravel10apps/vendor/laravel/framework/src/Illuminate/Cookie/Middleware/AddQueuedCookiesToResponse.php(37): Illuminate\Routing\Pipeline->Illuminate\Routing\{closure}(Object(Illuminate\Http\Request))
#22 /Users/macbookair/www/laravel10apps/vendor/laravel/framework/src/Illuminate/Pipeline/Pipeline.php(149): Illuminate\Cookie\Middleware\AddQueuedCookiesToResponse->handle(Object(Illuminate\Http\Request), Object(Closure))
#23 /Users/macbookair/www/laravel10apps/vendor/laravel/framework/src/Illuminate/Routing/Pipeline.php(53): Illuminate\Pipeline\Pipeline->Illuminate\Pipeline\{closure}(Object(Illuminate\Http\Request))
#24 /Users/macbookair/www/laravel10apps/vendor/laravel/framework/src/Illuminate/Cookie/Middleware/EncryptCookies.php(59): Illuminate\Routing\Pipeline->Illuminate\Routing\{closure}(Object(Illuminate\Http\Request))
#25 /Users/macbookair/www/laravel10apps/vendor/laravel/framework/src/Illuminate/Pipeline/Pipeline.php(149): Illuminate\Cookie\Middleware\EncryptCookies->handle(Object(Illuminate\Http\Request), Object(Closure))
#26 /Users/macbookair/www/laravel10apps/vendor/laravel/framework/src/Illuminate/Routing/Pipeline.php(53): Illuminate\Pipeline\Pipeline->Illuminate\Pipeline\{closure}(Object(Illuminate\Http\Request))
#27 /Users/macbookair/www/laravel10apps/vendor/laravel/framework/src/Illuminate/Pipeline/Pipeline.php(102): Illuminate\Routing\Pipeline->Illuminate\Routing\{closure}(Object(Illuminate\Http\Request))
#28 /Users/macbookair/www/laravel10apps/vendor/laravel/framework/src/Illuminate/Routing/Router.php(660): Illuminate\Pipeline\Pipeline->then(Object(Closure))
#29 /Users/macbookair/www/laravel10apps/vendor/laravel/framework/src/Illuminate/Routing/Router.php(635): Illuminate\Routing\Router->runRouteWithinStack(Object(Illuminate\Routing\Route), Object(Illuminate\Http\Request))
#30 /Users/macbookair/www/laravel10apps/vendor/laravel/framework/src/Illuminate/Routing/Router.php(601): Illuminate\Routing\Router->runRoute(Object(Illuminate\Http\Request), Object(Illuminate\Routing\Route))
#31 /Users/macbookair/www/laravel10apps/vendor/october/rain/src/Router/CoreRouter.php(20): Illuminate\Routing\Router->dispatchToRoute(Object(Illuminate\Http\Request))
#32 /Users/macbookair/www/laravel10apps/vendor/laravel/framework/src/Illuminate/Foundation/Http/Kernel.php(176): October\Rain\Router\CoreRouter->dispatch(Object(Illuminate\Http\Request))
#33 /Users/macbookair/www/laravel10apps/vendor/laravel/framework/src/Illuminate/Routing/Pipeline.php(30): Illuminate\Foundation\Http\Kernel->Illuminate\Foundation\Http\{closure}(Object(Illuminate\Http\Request))
#34 /Users/macbookair/www/laravel10apps/vendor/laravel/framework/src/Illuminate/Foundation/Http/Middleware/CheckForMaintenanceMode.php(46): Illuminate\Routing\Pipeline->Illuminate\Routing\{closure}(Object(Illuminate\Http\Request))
#35 /Users/macbookair/www/laravel10apps/vendor/laravel/framework/src/Illuminate/Pipeline/Pipeline.php(149): Illuminate\Foundation\Http\Middleware\CheckForMaintenanceMode->handle(Object(Illuminate\Http\Request), Object(Closure))
#36 /Users/macbookair/www/laravel10apps/vendor/laravel/framework/src/Illuminate/Routing/Pipeline.php(53): Illuminate\Pipeline\Pipeline->Illuminate\Pipeline\{closure}(Object(Illuminate\Http\Request))
#37 /Users/macbookair/www/laravel10apps/vendor/laravel/framework/src/Illuminate/Pipeline/Pipeline.php(102): Illuminate\Routing\Pipeline->Illuminate\Routing\{closure}(Object(Illuminate\Http\Request))
#38 /Users/macbookair/www/laravel10apps/vendor/laravel/framework/src/Illuminate/Foundation/Http/Kernel.php(151): Illuminate\Pipeline\Pipeline->then(Object(Closure))
#39 /Users/macbookair/www/laravel10apps/vendor/laravel/framework/src/Illuminate/Foundation/Http/Kernel.php(116): Illuminate\Foundation\Http\Kernel->sendRequestThroughRouter(Object(Illuminate\Http\Request))
#40 /Users/macbookair/www/laravel10apps/index.php(43): Illuminate\Foundation\Http\Kernel->handle(Object(Illuminate\Http\Request))
#41 {main}  
